[2025-03-02T12:19:26,017][INFO ][o.e.n.j.JdkVectorLibrary ] [f09deff90fcb] vec_caps=2
[2025-03-02T12:19:26,053][INFO ][o.e.n.NativeAccess       ] [f09deff90fcb] Using native vector library; to disable start with -Dorg.elasticsearch.nativeaccess.enableVectorLibrary=false
[2025-03-02T12:19:26,072][INFO ][o.e.n.NativeAccess       ] [f09deff90fcb] Using [jdk] native provider and native methods for [Linux]
[2025-03-02T12:19:26,224][INFO ][o.a.l.i.v.PanamaVectorizationProvider] [f09deff90fcb] Java vector incubator API enabled; uses preferredBitSize=512; FMA enabled
[2025-03-02T12:19:26,224][INFO ][o.e.j.JarHell            ] [f09deff90fcb] Bootstrapping java SecurityManager
[2025-03-02T12:19:29,799][INFO ][o.e.n.Node               ] [f09deff90fcb] version[8.17.2], pid[67], build[tar/747663ddda3421467150de0e4301e8d4bc636b0c/2025-02-05T22:10:57.067596412Z], OS[Linux/5.15.167.4-microsoft-standard-WSL2/amd64], JVM[Oracle Corporation/OpenJDK 64-Bit Server VM/23/23+37-2369]
[2025-03-02T12:19:29,803][INFO ][o.e.n.Node               ] [f09deff90fcb] JVM home [/home/elk/jdk], using bundled JDK [true]
[2025-03-02T12:19:29,805][INFO ][o.e.n.Node               ] [f09deff90fcb] JVM arguments [-Des.networkaddress.cache.ttl=60, -Des.networkaddress.cache.negative.ttl=10, -XX:+AlwaysPreTouch, -Xss1m, -Djava.awt.headless=true, -Dfile.encoding=UTF-8, -Djna.nosys=true, -XX:-OmitStackTraceInFastThrow, -Dio.netty.noUnsafe=true, -Dio.netty.noKeySetOptimization=true, -Dio.netty.recycler.maxCapacityPerThread=0, -Dlog4j.shutdownHookEnabled=false, -Dlog4j2.disable.jmx=true, -Dlog4j2.formatMsgNoLookups=true, -Djava.locale.providers=CLDR, -Des.distribution.type=tar, --enable-native-access=org.elasticsearch.nativeaccess,org.apache.lucene.core, -XX:ReplayDataFile=logs/replay_pid%p.log, -Djava.security.manager=allow, -XX:+UseG1GC, -Djava.io.tmpdir=/tmp/elasticsearch-1108954918743418130, --add-modules=jdk.incubator.vector, -XX:CompileCommand=dontinline,java/lang/invoke/MethodHandle.setAsTypeCache, -XX:CompileCommand=dontinline,java/lang/invoke/MethodHandle.asTypeUncached, -XX:+HeapDumpOnOutOfMemoryError, -XX:+ExitOnOutOfMemoryError, -XX:HeapDumpPath=data, -XX:ErrorFile=logs/hs_err_pid%p.log, -Xlog:gc*,gc+age=trace,safepoint:file=logs/gc.log:utctime,level,pid,tags:filecount=32,filesize=64m, -Xms3922m, -Xmx3922m, -XX:MaxDirectMemorySize=2056257536, -XX:G1HeapRegionSize=4m, -XX:InitiatingHeapOccupancyPercent=30, -XX:G1ReservePercent=15, --module-path=/home/elk/lib, --add-modules=jdk.net, --add-modules=ALL-MODULE-PATH, -Djdk.module.main=org.elasticsearch.server]
[2025-03-02T12:19:29,807][INFO ][o.e.n.Node               ] [f09deff90fcb] Default Locale [en_US]
[2025-03-02T12:19:36,274][INFO ][o.e.p.PluginsService     ] [f09deff90fcb] loaded module [repository-url]
[2025-03-02T12:19:36,275][INFO ][o.e.p.PluginsService     ] [f09deff90fcb] loaded module [rest-root]
[2025-03-02T12:19:36,275][INFO ][o.e.p.PluginsService     ] [f09deff90fcb] loaded module [x-pack-core]
[2025-03-02T12:19:36,276][INFO ][o.e.p.PluginsService     ] [f09deff90fcb] loaded module [x-pack-redact]
[2025-03-02T12:19:36,276][INFO ][o.e.p.PluginsService     ] [f09deff90fcb] loaded module [ingest-user-agent]
[2025-03-02T12:19:36,276][INFO ][o.e.p.PluginsService     ] [f09deff90fcb] loaded module [x-pack-async-search]
[2025-03-02T12:19:36,277][INFO ][o.e.p.PluginsService     ] [f09deff90fcb] loaded module [x-pack-monitoring]
[2025-03-02T12:19:36,277][INFO ][o.e.p.PluginsService     ] [f09deff90fcb] loaded module [repository-s3]
[2025-03-02T12:19:36,277][INFO ][o.e.p.PluginsService     ] [f09deff90fcb] loaded module [x-pack-analytics]
[2025-03-02T12:19:36,278][INFO ][o.e.p.PluginsService     ] [f09deff90fcb] loaded module [x-pack-esql-core]
[2025-03-02T12:19:36,278][INFO ][o.e.p.PluginsService     ] [f09deff90fcb] loaded module [x-pack-ent-search]
[2025-03-02T12:19:36,278][INFO ][o.e.p.PluginsService     ] [f09deff90fcb] loaded module [x-pack-autoscaling]
[2025-03-02T12:19:36,278][INFO ][o.e.p.PluginsService     ] [f09deff90fcb] loaded module [lang-painless]
[2025-03-02T12:19:36,279][INFO ][o.e.p.PluginsService     ] [f09deff90fcb] loaded module [x-pack-ml]
[2025-03-02T12:19:36,279][INFO ][o.e.p.PluginsService     ] [f09deff90fcb] loaded module [legacy-geo]
[2025-03-02T12:19:36,279][INFO ][o.e.p.PluginsService     ] [f09deff90fcb] loaded module [lang-mustache]
[2025-03-02T12:19:36,279][INFO ][o.e.p.PluginsService     ] [f09deff90fcb] loaded module [logsdb]
[2025-03-02T12:19:36,280][INFO ][o.e.p.PluginsService     ] [f09deff90fcb] loaded module [x-pack-ql]
[2025-03-02T12:19:36,280][INFO ][o.e.p.PluginsService     ] [f09deff90fcb] loaded module [rank-rrf]
[2025-03-02T12:19:36,280][INFO ][o.e.p.PluginsService     ] [f09deff90fcb] loaded module [analysis-common]
[2025-03-02T12:19:36,281][INFO ][o.e.p.PluginsService     ] [f09deff90fcb] loaded module [health-shards-availability]
[2025-03-02T12:19:36,282][INFO ][o.e.p.PluginsService     ] [f09deff90fcb] loaded module [transport-netty4]
[2025-03-02T12:19:36,283][INFO ][o.e.p.PluginsService     ] [f09deff90fcb] loaded module [aggregations]
[2025-03-02T12:19:36,284][INFO ][o.e.p.PluginsService     ] [f09deff90fcb] loaded module [ingest-common]
[2025-03-02T12:19:36,284][INFO ][o.e.p.PluginsService     ] [f09deff90fcb] loaded module [x-pack-identity-provider]
[2025-03-02T12:19:36,285][INFO ][o.e.p.PluginsService     ] [f09deff90fcb] loaded module [frozen-indices]
[2025-03-02T12:19:36,285][INFO ][o.e.p.PluginsService     ] [f09deff90fcb] loaded module [x-pack-text-structure]
[2025-03-02T12:19:36,285][INFO ][o.e.p.PluginsService     ] [f09deff90fcb] loaded module [x-pack-shutdown]
[2025-03-02T12:19:36,286][INFO ][o.e.p.PluginsService     ] [f09deff90fcb] loaded module [snapshot-repo-test-kit]
[2025-03-02T12:19:36,286][INFO ][o.e.p.PluginsService     ] [f09deff90fcb] loaded module [ml-package-loader]
[2025-03-02T12:19:36,286][INFO ][o.e.p.PluginsService     ] [f09deff90fcb] loaded module [kibana]
[2025-03-02T12:19:36,287][INFO ][o.e.p.PluginsService     ] [f09deff90fcb] loaded module [constant-keyword]
[2025-03-02T12:19:36,287][INFO ][o.e.p.PluginsService     ] [f09deff90fcb] loaded module [x-pack-logstash]
[2025-03-02T12:19:36,287][INFO ][o.e.p.PluginsService     ] [f09deff90fcb] loaded module [x-pack-graph]
[2025-03-02T12:19:36,288][INFO ][o.e.p.PluginsService     ] [f09deff90fcb] loaded module [x-pack-ccr]
[2025-03-02T12:19:36,288][INFO ][o.e.p.PluginsService     ] [f09deff90fcb] loaded module [x-pack-esql]
[2025-03-02T12:19:36,288][INFO ][o.e.p.PluginsService     ] [f09deff90fcb] loaded module [parent-join]
[2025-03-02T12:19:36,289][INFO ][o.e.p.PluginsService     ] [f09deff90fcb] loaded module [counted-keyword]
[2025-03-02T12:19:36,289][INFO ][o.e.p.PluginsService     ] [f09deff90fcb] loaded module [x-pack-enrich]
[2025-03-02T12:19:36,289][INFO ][o.e.p.PluginsService     ] [f09deff90fcb] loaded module [repositories-metering-api]
[2025-03-02T12:19:36,290][INFO ][o.e.p.PluginsService     ] [f09deff90fcb] loaded module [transform]
[2025-03-02T12:19:36,290][INFO ][o.e.p.PluginsService     ] [f09deff90fcb] loaded module [repository-azure]
[2025-03-02T12:19:36,290][INFO ][o.e.p.PluginsService     ] [f09deff90fcb] loaded module [dot-prefix-validation]
[2025-03-02T12:19:36,291][INFO ][o.e.p.PluginsService     ] [f09deff90fcb] loaded module [repository-gcs]
[2025-03-02T12:19:36,291][INFO ][o.e.p.PluginsService     ] [f09deff90fcb] loaded module [x-pack-otel-data]
[2025-03-02T12:19:36,291][INFO ][o.e.p.PluginsService     ] [f09deff90fcb] loaded module [spatial]
[2025-03-02T12:19:36,291][INFO ][o.e.p.PluginsService     ] [f09deff90fcb] loaded module [apm]
[2025-03-02T12:19:36,292][INFO ][o.e.p.PluginsService     ] [f09deff90fcb] loaded module [mapper-extras]
[2025-03-02T12:19:36,292][INFO ][o.e.p.PluginsService     ] [f09deff90fcb] loaded module [mapper-version]
[2025-03-02T12:19:36,292][INFO ][o.e.p.PluginsService     ] [f09deff90fcb] loaded module [x-pack-rollup]
[2025-03-02T12:19:36,292][INFO ][o.e.p.PluginsService     ] [f09deff90fcb] loaded module [percolator]
[2025-03-02T12:19:36,293][INFO ][o.e.p.PluginsService     ] [f09deff90fcb] loaded module [data-streams]
[2025-03-02T12:19:36,293][INFO ][o.e.p.PluginsService     ] [f09deff90fcb] loaded module [x-pack-stack]
[2025-03-02T12:19:36,293][INFO ][o.e.p.PluginsService     ] [f09deff90fcb] loaded module [rank-eval]
[2025-03-02T12:19:36,294][INFO ][o.e.p.PluginsService     ] [f09deff90fcb] loaded module [reindex]
[2025-03-02T12:19:36,294][INFO ][o.e.p.PluginsService     ] [f09deff90fcb] loaded module [x-pack-security]
[2025-03-02T12:19:36,294][INFO ][o.e.p.PluginsService     ] [f09deff90fcb] loaded module [blob-cache]
[2025-03-02T12:19:36,295][INFO ][o.e.p.PluginsService     ] [f09deff90fcb] loaded module [searchable-snapshots]
[2025-03-02T12:19:36,295][INFO ][o.e.p.PluginsService     ] [f09deff90fcb] loaded module [x-pack-slm]
[2025-03-02T12:19:36,295][INFO ][o.e.p.PluginsService     ] [f09deff90fcb] loaded module [x-pack-geoip-enterprise-downloader]
[2025-03-02T12:19:36,295][INFO ][o.e.p.PluginsService     ] [f09deff90fcb] loaded module [snapshot-based-recoveries]
[2025-03-02T12:19:36,296][INFO ][o.e.p.PluginsService     ] [f09deff90fcb] loaded module [x-pack-watcher]
[2025-03-02T12:19:36,296][INFO ][o.e.p.PluginsService     ] [f09deff90fcb] loaded module [old-lucene-versions]
[2025-03-02T12:19:36,296][INFO ][o.e.p.PluginsService     ] [f09deff90fcb] loaded module [x-pack-ilm]
[2025-03-02T12:19:36,296][INFO ][o.e.p.PluginsService     ] [f09deff90fcb] loaded module [x-pack-inference]
[2025-03-02T12:19:36,296][INFO ][o.e.p.PluginsService     ] [f09deff90fcb] loaded module [x-pack-voting-only-node]
[2025-03-02T12:19:36,297][INFO ][o.e.p.PluginsService     ] [f09deff90fcb] loaded module [x-pack-deprecation]
[2025-03-02T12:19:36,297][INFO ][o.e.p.PluginsService     ] [f09deff90fcb] loaded module [x-pack-fleet]
[2025-03-02T12:19:36,297][INFO ][o.e.p.PluginsService     ] [f09deff90fcb] loaded module [x-pack-profiling]
[2025-03-02T12:19:36,298][INFO ][o.e.p.PluginsService     ] [f09deff90fcb] loaded module [x-pack-aggregate-metric]
[2025-03-02T12:19:36,298][INFO ][o.e.p.PluginsService     ] [f09deff90fcb] loaded module [x-pack-downsample]
[2025-03-02T12:19:36,299][INFO ][o.e.p.PluginsService     ] [f09deff90fcb] loaded module [ingest-geoip]
[2025-03-02T12:19:36,299][INFO ][o.e.p.PluginsService     ] [f09deff90fcb] loaded module [x-pack-write-load-forecaster]
[2025-03-02T12:19:36,299][INFO ][o.e.p.PluginsService     ] [f09deff90fcb] loaded module [search-business-rules]
[2025-03-02T12:19:36,300][INFO ][o.e.p.PluginsService     ] [f09deff90fcb] loaded module [wildcard]
[2025-03-02T12:19:36,300][INFO ][o.e.p.PluginsService     ] [f09deff90fcb] loaded module [ingest-attachment]
[2025-03-02T12:19:36,300][INFO ][o.e.p.PluginsService     ] [f09deff90fcb] loaded module [x-pack-apm-data]
[2025-03-02T12:19:36,301][INFO ][o.e.p.PluginsService     ] [f09deff90fcb] loaded module [x-pack-sql]
[2025-03-02T12:19:36,301][INFO ][o.e.p.PluginsService     ] [f09deff90fcb] loaded module [unsigned-long]
[2025-03-02T12:19:36,301][INFO ][o.e.p.PluginsService     ] [f09deff90fcb] loaded module [runtime-fields-common]
[2025-03-02T12:19:36,301][INFO ][o.e.p.PluginsService     ] [f09deff90fcb] loaded module [x-pack-async]
[2025-03-02T12:19:36,302][INFO ][o.e.p.PluginsService     ] [f09deff90fcb] loaded module [x-pack-kql]
[2025-03-02T12:19:36,302][INFO ][o.e.p.PluginsService     ] [f09deff90fcb] loaded module [vector-tile]
[2025-03-02T12:19:36,302][INFO ][o.e.p.PluginsService     ] [f09deff90fcb] loaded module [lang-expression]
[2025-03-02T12:19:36,303][INFO ][o.e.p.PluginsService     ] [f09deff90fcb] loaded module [x-pack-eql]
[2025-03-02T12:19:39,012][INFO ][o.e.e.NodeEnvironment    ] [f09deff90fcb] using [1] data paths, mounts [[/ (overlay)]], net usable_space [934.2gb], net total_space [1006.8gb], types [overlay]
[2025-03-02T12:19:39,015][INFO ][o.e.e.NodeEnvironment    ] [f09deff90fcb] heap size [3.8gb], compressed ordinary object pointers [true]
[2025-03-02T12:19:39,041][INFO ][o.e.n.Node               ] [f09deff90fcb] node name [f09deff90fcb], node ID [P4_6T2U0T-u3Txph78n6Vg], cluster name [elasticsearch], roles [data_content, transform, data_hot, ml, data_frozen, ingest, data_cold, data, remote_cluster_client, master, data_warm]
[2025-03-02T12:19:46,556][INFO ][o.e.i.r.RecoverySettings ] [f09deff90fcb] using rate limit [40mb] with [default=40mb, read=0b, write=0b, max=0b]
[2025-03-02T12:19:46,875][INFO ][o.e.f.FeatureService     ] [f09deff90fcb] Registered local node features [cluster.stats.source_modes, data_stream.auto_sharding, data_stream.lifecycle.global_retention, data_stream.rollover.lazy, desired_node.version_deprecated, esql.agg_values, esql.async_query, esql.base64_decode_encode, esql.casting_operator, esql.counter_types, esql.disable_nullable_opts, esql.from_options, esql.metadata_fields, esql.metrics_counter_fields, esql.mv_ordering_sorted_ascending, esql.mv_sort, esql.resolve_fields_api, esql.spatial_points_from_source, esql.spatial_shapes, esql.st_centroid_agg, esql.st_contains_within, esql.st_disjoint, esql.st_intersects, esql.st_x_y, esql.string_literal_auto_casting, esql.string_literal_auto_casting_extended, esql.timespan_abbreviations, features_supported, file_settings, flattened.ignore_above_support, geoip.downloader.database.configuration, get_database_configuration_action.multi_node, health.dsl.info, health.extended_repository_indicator, knn_retriever_supported, license-trial-independent-version, logsdb_telemetry, logsdb_telemetry_stats, mapper.boolean_dimension, mapper.flattened.ignore_above_with_arrays_support, mapper.ignore_above_index_level_setting, mapper.index_sorting_on_nested, mapper.keyword_dimension_ignore_above, mapper.keyword_normalizer_synthetic_source, mapper.pass_through_priority, mapper.query_index_mode, mapper.range.null_values_off_by_one_fix, mapper.segment_level_fields_stats, mapper.source.synthetic_source_copy_to_fix, mapper.source.synthetic_source_copy_to_inside_objects_fix, mapper.source.synthetic_source_fallback, mapper.source.synthetic_source_stored_fields_advance_fix, mapper.source.synthetic_source_with_copy_to_and_doc_values_false, mapper.subobjects_auto, mapper.subobjects_auto_fixes, mapper.synthetic_source_keep, mapper.track_ignored_source, mapper.vectors.bbq, mapper.vectors.bit_vectors, mapper.vectors.int4_quantization, put_database_configuration_action.ipinfo, query_rule_list_types, query_rule_retriever_supported, query_rules.test, random_reranker_retriever_supported, repositories.supports_usage_stats, rest.capabilities_action, rest.local_only_capabilities, retrievers_supported, routing.boolean_routing_path, routing.multi_value_routing_path, rrf_retriever_composition_supported, rrf_retriever_supported, script.hamming, script.term_stats, search.vectors.k_param_supported, security.migration_framework, security.role_mapping_cleanup, security.roles_metadata_flattened, semantic_text.default_elser_2, semantic_text.search_inference_id, simulate.component.template.substitutions, simulate.index.template.substitutions, simulate.mapping.addition, simulate.mapping.validation, simulate.mapping.validation.templates, simulate.support.non.template.mapping, slm.interval_schedule, snapshot.repository_verify_integrity, standard_retriever_supported, stats.include_disk_thresholds, text_similarity_reranker_retriever_composition_supported, text_similarity_reranker_retriever_supported, tsdb.ts_routing_hash_doc_value_parse_byte_ref, unified_highlighter_matched_fields, usage.data_tiers.precalculate_stats]
[2025-03-02T12:19:46,933][INFO ][o.e.c.m.DataStreamGlobalRetentionSettings] [f09deff90fcb] Updated default factory retention to [null]
[2025-03-02T12:19:46,935][INFO ][o.e.c.m.DataStreamGlobalRetentionSettings] [f09deff90fcb] Updated max factory retention to [null]
[2025-03-02T12:19:47,375][INFO ][o.e.x.m.p.l.CppLogMessageHandler] [f09deff90fcb] [controller/93] [Main.cc@123] controller (64 bit): Version 8.17.2 (Build 002b4653bd15a4) Copyright (c) 2025 Elasticsearch BV
[2025-03-02T12:19:47,791][INFO ][o.e.x.o.OTelPlugin       ] [f09deff90fcb] OTel ingest plugin is enabled
[2025-03-02T12:19:47,852][INFO ][o.e.x.c.t.YamlTemplateRegistry] [f09deff90fcb] OpenTelemetry index template registry is enabled
[2025-03-02T12:19:47,858][INFO ][o.e.t.a.APM              ] [f09deff90fcb] Sending apm metrics is disabled
[2025-03-02T12:19:47,858][INFO ][o.e.t.a.APM              ] [f09deff90fcb] Sending apm tracing is disabled
[2025-03-02T12:19:47,913][INFO ][o.e.x.s.Security         ] [f09deff90fcb] Security is disabled
[2025-03-02T12:19:48,293][INFO ][o.e.x.w.Watcher          ] [f09deff90fcb] Watcher initialized components at 2025-03-02T12:19:48.293Z
[2025-03-02T12:19:48,412][INFO ][o.e.x.p.ProfilingPlugin  ] [f09deff90fcb] Profiling is enabled
[2025-03-02T12:19:48,439][INFO ][o.e.x.p.ProfilingPlugin  ] [f09deff90fcb] profiling index templates will not be installed or reinstalled
[2025-03-02T12:19:48,460][INFO ][o.e.x.a.APMPlugin        ] [f09deff90fcb] APM ingest plugin is enabled
[2025-03-02T12:19:48,516][INFO ][o.e.x.c.t.YamlTemplateRegistry] [f09deff90fcb] apm index template registry is enabled
[2025-03-02T12:19:49,438][INFO ][o.e.t.n.NettyAllocator   ] [f09deff90fcb] creating NettyAllocator with the following configs: [name=elasticsearch_configured, chunk_size=1mb, suggested_max_allocation_size=1mb, factors={es.unsafe.use_netty_default_chunk_and_page_size=false, g1gc_enabled=true, g1gc_region_size=4mb}]
[2025-03-02T12:19:49,532][INFO ][o.e.d.DiscoveryModule    ] [f09deff90fcb] using discovery type [single-node] and seed hosts providers [settings]
[2025-03-02T12:19:51,496][INFO ][o.e.n.Node               ] [f09deff90fcb] initialized
[2025-03-02T12:19:51,499][INFO ][o.e.n.Node               ] [f09deff90fcb] starting ...
[2025-03-02T12:19:51,531][INFO ][o.e.x.s.c.f.PersistentCache] [f09deff90fcb] persistent cache index loaded
[2025-03-02T12:19:51,533][INFO ][o.e.x.d.l.DeprecationIndexingComponent] [f09deff90fcb] deprecation component started
[2025-03-02T12:19:51,694][INFO ][o.e.t.TransportService   ] [f09deff90fcb] publish_address {172.17.0.2:9300}, bound_addresses {[::]:9300}
[2025-03-02T12:19:51,859][INFO ][o.e.c.c.ClusterBootstrapService] [f09deff90fcb] this node has not joined a bootstrapped cluster yet; [cluster.initial_master_nodes] is set to [f09deff90fcb]
[2025-03-02T12:19:51,870][INFO ][o.e.c.c.Coordinator      ] [f09deff90fcb] setting initial configuration to VotingConfiguration{P4_6T2U0T-u3Txph78n6Vg}
[2025-03-02T12:19:52,102][INFO ][o.e.c.s.MasterService    ] [f09deff90fcb] elected-as-master ([1] nodes joined in term 1)[_FINISH_ELECTION_, {f09deff90fcb}{P4_6T2U0T-u3Txph78n6Vg}{nmTquxtMRGinlFrf8f3C0g}{f09deff90fcb}{172.17.0.2}{172.17.0.2:9300}{cdfhilmrstw}{8.17.2}{7000099-8521000} completing election], term: 1, version: 1, delta: master node changed {previous [], current [{f09deff90fcb}{P4_6T2U0T-u3Txph78n6Vg}{nmTquxtMRGinlFrf8f3C0g}{f09deff90fcb}{172.17.0.2}{172.17.0.2:9300}{cdfhilmrstw}{8.17.2}{7000099-8521000}]}
[2025-03-02T12:19:52,151][INFO ][o.e.c.c.CoordinationState] [f09deff90fcb] cluster UUID set to [3fgH3aPWQm2xH_XN6MBoRQ]
[2025-03-02T12:19:52,188][INFO ][o.e.c.s.ClusterApplierService] [f09deff90fcb] master node changed {previous [], current [{f09deff90fcb}{P4_6T2U0T-u3Txph78n6Vg}{nmTquxtMRGinlFrf8f3C0g}{f09deff90fcb}{172.17.0.2}{172.17.0.2:9300}{cdfhilmrstw}{8.17.2}{7000099-8521000}]}, term: 1, version: 1, reason: Publication{term=1, version=1}
[2025-03-02T12:19:52,241][INFO ][o.e.c.c.NodeJoinExecutor ] [f09deff90fcb] node-join: [{f09deff90fcb}{P4_6T2U0T-u3Txph78n6Vg}{nmTquxtMRGinlFrf8f3C0g}{f09deff90fcb}{172.17.0.2}{172.17.0.2:9300}{cdfhilmrstw}{8.17.2}{7000099-8521000}] with reason [completing election]
[2025-03-02T12:19:52,250][INFO ][o.e.h.AbstractHttpServerTransport] [f09deff90fcb] publish_address {172.17.0.2:9200}, bound_addresses {[::]:9200}
[2025-03-02T12:19:52,271][INFO ][o.e.n.Node               ] [f09deff90fcb] started {f09deff90fcb}{P4_6T2U0T-u3Txph78n6Vg}{nmTquxtMRGinlFrf8f3C0g}{f09deff90fcb}{172.17.0.2}{172.17.0.2:9300}{cdfhilmrstw}{8.17.2}{7000099-8521000}{ml.config_version=12.0.0, ml.max_jvm_size=4114612224, ml.allocated_processors_double=8.0, ml.allocated_processors=8, ml.machine_memory=8225054720, transform.config_version=10.0.0, xpack.installed=true}
[2025-03-02T12:19:52,376][INFO ][o.e.c.f.AbstractFileWatchingService] [f09deff90fcb] starting file watcher ...
[2025-03-02T12:19:52,391][INFO ][o.e.g.GatewayService     ] [f09deff90fcb] recovered [0] indices into cluster_state
[2025-03-02T12:19:52,391][INFO ][o.e.c.f.AbstractFileWatchingService] [f09deff90fcb] file settings service up and running [tid=72]
[2025-03-02T12:19:52,392][INFO ][o.e.r.s.FileSettingsService] [f09deff90fcb] setting file [/home/elk/config/operator/settings.json] not found, initializing [file_settings] as empty
[2025-03-02T12:19:52,644][INFO ][o.e.c.m.MetadataIndexTemplateService] [f09deff90fcb] adding template [.monitoring-kibana] for index patterns [.monitoring-kibana-7-*]
[2025-03-02T12:19:52,717][INFO ][o.e.c.m.MetadataIndexTemplateService] [f09deff90fcb] adding template [.monitoring-es] for index patterns [.monitoring-es-7-*]
[2025-03-02T12:19:52,728][INFO ][o.e.c.m.MetadataIndexTemplateService] [f09deff90fcb] adding template [.monitoring-alerts-7] for index patterns [.monitoring-alerts-7]
[2025-03-02T12:19:52,744][INFO ][o.e.c.m.MetadataIndexTemplateService] [f09deff90fcb] adding template [.monitoring-logstash] for index patterns [.monitoring-logstash-7-*]
[2025-03-02T12:19:52,770][INFO ][o.e.c.m.MetadataIndexTemplateService] [f09deff90fcb] adding template [.monitoring-beats] for index patterns [.monitoring-beats-7-*]
[2025-03-02T12:19:52,809][INFO ][o.e.c.m.MetadataIndexTemplateService] [f09deff90fcb] adding index template [.monitoring-ent-search-mb] for index patterns [.monitoring-ent-search-8-*]
[2025-03-02T12:19:52,836][INFO ][o.e.c.m.MetadataIndexTemplateService] [f09deff90fcb] adding index template [.monitoring-kibana-mb] for index patterns [.monitoring-kibana-8-*]
[2025-03-02T12:19:52,878][INFO ][o.e.c.m.MetadataIndexTemplateService] [f09deff90fcb] adding index template [.monitoring-beats-mb] for index patterns [.monitoring-beats-8-*]
[2025-03-02T12:19:52,900][INFO ][o.e.c.m.MetadataIndexTemplateService] [f09deff90fcb] adding index template [.monitoring-logstash-mb] for index patterns [.monitoring-logstash-8-*]
[2025-03-02T12:19:52,930][INFO ][o.e.c.m.MetadataIndexTemplateService] [f09deff90fcb] adding component template [behavioral_analytics-events-mappings]
[2025-03-02T12:19:52,938][INFO ][o.e.c.m.MetadataIndexTemplateService] [f09deff90fcb] adding component template [elastic-connectors-sync-jobs-settings]
[2025-03-02T12:19:52,980][INFO ][o.e.c.m.MetadataIndexTemplateService] [f09deff90fcb] adding index template [.monitoring-es-mb] for index patterns [.monitoring-es-8-*]
[2025-03-02T12:19:52,987][INFO ][o.e.c.m.MetadataIndexTemplateService] [f09deff90fcb] adding component template [elastic-connectors-settings]
[2025-03-02T12:19:53,000][INFO ][o.e.c.m.MetadataIndexTemplateService] [f09deff90fcb] adding index template [.ml-notifications-000002] for index patterns [.ml-notifications-000002]
[2025-03-02T12:19:53,012][INFO ][o.e.c.m.MetadataIndexTemplateService] [f09deff90fcb] adding index template [.ml-stats] for index patterns [.ml-stats-*]
[2025-03-02T12:19:53,021][INFO ][o.e.c.m.MetadataIndexTemplateService] [f09deff90fcb] adding index template [.ml-state] for index patterns [.ml-state*]
[2025-03-02T12:19:53,029][INFO ][o.e.c.m.MetadataIndexTemplateService] [f09deff90fcb] adding index template [search-acl-filter] for index patterns [.search-acl-filter-*]
[2025-03-02T12:19:53,041][INFO ][o.e.c.m.MetadataIndexTemplateService] [f09deff90fcb] adding component template [elastic-connectors-sync-jobs-mappings]
[2025-03-02T12:19:53,068][INFO ][o.e.c.m.MetadataIndexTemplateService] [f09deff90fcb] adding index template [.ml-anomalies-] for index patterns [.ml-anomalies-*]
[2025-03-02T12:19:53,085][INFO ][o.e.c.m.MetadataIndexTemplateService] [f09deff90fcb] adding component template [elastic-connectors-mappings]
[2025-03-02T12:19:53,108][INFO ][o.e.c.m.MetadataIndexTemplateService] [f09deff90fcb] adding component template [traces-otel@mappings]
[2025-03-02T12:19:53,119][INFO ][o.e.c.m.MetadataIndexTemplateService] [f09deff90fcb] adding component template [semconv-resource-to-ecs@mappings]
[2025-03-02T12:19:53,126][INFO ][o.e.c.m.MetadataIndexTemplateService] [f09deff90fcb] adding component template [metrics-otel@mappings]
[2025-03-02T12:19:53,134][INFO ][o.e.c.m.MetadataIndexTemplateService] [f09deff90fcb] adding component template [ecs-tsdb@mappings]
[2025-03-02T12:19:53,166][INFO ][o.e.c.m.MetadataIndexTemplateService] [f09deff90fcb] adding component template [logs-otel@mappings]
[2025-03-02T12:19:53,176][INFO ][o.e.c.m.MetadataIndexTemplateService] [f09deff90fcb] adding component template [otel@mappings]
[2025-03-02T12:19:53,182][INFO ][o.e.c.m.MetadataIndexTemplateService] [f09deff90fcb] adding component template [synthetics-settings]
[2025-03-02T12:19:53,191][INFO ][o.e.c.m.MetadataIndexTemplateService] [f09deff90fcb] adding component template [ecs@dynamic_templates]
[2025-03-02T12:19:53,197][INFO ][o.e.c.m.MetadataIndexTemplateService] [f09deff90fcb] adding component template [synthetics-mappings]
[2025-03-02T12:19:53,204][INFO ][o.e.c.m.MetadataIndexTemplateService] [f09deff90fcb] adding component template [logs-mappings]
[2025-03-02T12:19:53,209][INFO ][o.e.c.m.MetadataIndexTemplateService] [f09deff90fcb] adding component template [metrics-tsdb-settings]
[2025-03-02T12:19:53,215][INFO ][o.e.c.m.MetadataIndexTemplateService] [f09deff90fcb] adding component template [metrics-settings]
[2025-03-02T12:19:53,222][INFO ][o.e.c.m.MetadataIndexTemplateService] [f09deff90fcb] adding component template [data-streams-mappings]
[2025-03-02T12:19:53,228][INFO ][o.e.c.m.MetadataIndexTemplateService] [f09deff90fcb] adding component template [metrics-mappings]
[2025-03-02T12:19:53,237][INFO ][o.e.c.m.MetadataIndexTemplateService] [f09deff90fcb] adding component template [logs@mappings]
[2025-03-02T12:19:53,246][INFO ][o.e.c.m.MetadataIndexTemplateService] [f09deff90fcb] adding component template [traces@mappings]
[2025-03-02T12:19:53,256][INFO ][o.e.c.m.MetadataIndexTemplateService] [f09deff90fcb] adding component template [ecs@mappings]
[2025-03-02T12:19:53,260][INFO ][o.e.c.m.MetadataIndexTemplateService] [f09deff90fcb] adding component template [metrics@settings]
[2025-03-02T12:19:53,267][INFO ][o.e.c.m.MetadataIndexTemplateService] [f09deff90fcb] adding component template [metrics@tsdb-settings]
[2025-03-02T12:19:53,272][INFO ][o.e.c.m.MetadataIndexTemplateService] [f09deff90fcb] adding component template [traces@settings]
[2025-03-02T12:19:53,276][INFO ][o.e.c.m.MetadataIndexTemplateService] [f09deff90fcb] adding component template [synthetics@settings]
[2025-03-02T12:19:53,285][INFO ][o.e.c.m.MetadataIndexTemplateService] [f09deff90fcb] adding component template [synthetics@mappings]
[2025-03-02T12:19:53,290][INFO ][o.e.c.m.MetadataIndexTemplateService] [f09deff90fcb] adding component template [kibana-reporting@settings]
[2025-03-02T12:19:53,296][INFO ][o.e.c.m.MetadataIndexTemplateService] [f09deff90fcb] adding component template [data-streams@mappings]
[2025-03-02T12:19:53,305][INFO ][o.e.c.m.MetadataIndexTemplateService] [f09deff90fcb] adding component template [metrics@mappings]
[2025-03-02T12:19:53,318][INFO ][o.e.c.m.MetadataIndexTemplateService] [f09deff90fcb] adding index template [.slm-history-7] for index patterns [.slm-history-7*]
[2025-03-02T12:19:53,334][INFO ][o.e.c.m.MetadataIndexTemplateService] [f09deff90fcb] adding index template [.watch-history-16] for index patterns [.watcher-history-16*]
[2025-03-02T12:19:53,343][INFO ][o.e.c.m.MetadataIndexTemplateService] [f09deff90fcb] adding index template [ilm-history-7] for index patterns [ilm-history-7*]
[2025-03-02T12:19:53,352][INFO ][o.e.c.m.MetadataIndexTemplateService] [f09deff90fcb] adding component template [.deprecation-indexing-mappings]
[2025-03-02T12:19:53,357][INFO ][o.e.c.m.MetadataIndexTemplateService] [f09deff90fcb] adding component template [.deprecation-indexing-settings]
[2025-03-02T12:19:53,368][INFO ][o.e.c.m.MetadataIndexTemplateService] [f09deff90fcb] adding index template [.fleet-fileds-tohost-data] for index patterns [.fleet-fileds-tohost-data-*]
[2025-03-02T12:19:53,379][INFO ][o.e.c.m.MetadataIndexTemplateService] [f09deff90fcb] adding index template [.fleet-fileds-tohost-meta] for index patterns [.fleet-fileds-tohost-meta-*]
[2025-03-02T12:19:53,389][INFO ][o.e.c.m.MetadataIndexTemplateService] [f09deff90fcb] adding index template [.fleet-fileds-fromhost-meta] for index patterns [.fleet-fileds-fromhost-meta-*]
[2025-03-02T12:19:53,396][INFO ][o.e.c.m.MetadataIndexTemplateService] [f09deff90fcb] adding index template [.fleet-fileds-fromhost-data] for index patterns [.fleet-fileds-fromhost-data-*]
[2025-03-02T12:19:53,402][INFO ][o.e.c.m.MetadataIndexTemplateService] [f09deff90fcb] adding component template [traces-apm.sampled-fallback@ilm]
[2025-03-02T12:19:53,407][INFO ][o.e.c.m.MetadataIndexTemplateService] [f09deff90fcb] adding component template [apm-10d@lifecycle]
[2025-03-02T12:19:53,411][INFO ][o.e.c.m.MetadataIndexTemplateService] [f09deff90fcb] adding component template [metrics-apm.service_destination.10m-fallback@ilm]
[2025-03-02T12:19:53,417][INFO ][o.e.c.m.MetadataIndexTemplateService] [f09deff90fcb] adding component template [metrics-apm.service_summary.1m-fallback@ilm]
[2025-03-02T12:19:53,421][INFO ][o.e.c.m.MetadataIndexTemplateService] [f09deff90fcb] adding component template [metrics-apm.transaction.1m-fallback@ilm]
[2025-03-02T12:19:53,438][INFO ][o.e.c.m.MetadataIndexTemplateService] [f09deff90fcb] adding component template [metrics-apm.service_destination@mappings]
[2025-03-02T12:19:53,442][INFO ][o.e.c.m.MetadataIndexTemplateService] [f09deff90fcb] adding component template [apm-180d@lifecycle]
[2025-03-02T12:19:53,447][INFO ][o.e.c.m.MetadataIndexTemplateService] [f09deff90fcb] adding component template [apm-390d@lifecycle]
[2025-03-02T12:19:53,454][INFO ][o.e.c.m.MetadataIndexTemplateService] [f09deff90fcb] adding component template [metrics-apm.transaction@mappings]
[2025-03-02T12:19:53,459][INFO ][o.e.c.m.MetadataIndexTemplateService] [f09deff90fcb] adding component template [traces-apm.rum-fallback@ilm]
[2025-03-02T12:19:53,466][INFO ][o.e.c.m.MetadataIndexTemplateService] [f09deff90fcb] adding component template [metrics-apm.service_summary@mappings]
[2025-03-02T12:19:53,471][INFO ][o.e.c.m.MetadataIndexTemplateService] [f09deff90fcb] adding component template [apm-90d@lifecycle]
[2025-03-02T12:19:53,475][INFO ][o.e.c.m.MetadataIndexTemplateService] [f09deff90fcb] adding component template [metrics-apm.service_transaction.10m-fallback@ilm]
[2025-03-02T12:19:53,481][INFO ][o.e.c.m.MetadataIndexTemplateService] [f09deff90fcb] adding component template [metrics-apm@mappings]
[2025-03-02T12:19:53,487][INFO ][o.e.c.m.MetadataIndexTemplateService] [f09deff90fcb] adding component template [apm@mappings]
[2025-03-02T12:19:53,491][INFO ][o.e.c.m.MetadataIndexTemplateService] [f09deff90fcb] adding component template [metrics-apm.transaction.10m-fallback@ilm]
[2025-03-02T12:19:53,495][INFO ][o.e.c.m.MetadataIndexTemplateService] [f09deff90fcb] adding component template [logs-apm.app-fallback@ilm]
[2025-03-02T12:19:53,502][INFO ][o.e.c.m.MetadataIndexTemplateService] [f09deff90fcb] adding component template [metrics-apm.service_transaction.1m-fallback@ilm]
[2025-03-02T12:19:53,507][INFO ][o.e.c.m.MetadataIndexTemplateService] [f09deff90fcb] adding component template [metrics-apm.app-fallback@ilm]
[2025-03-02T12:19:53,511][INFO ][o.e.c.m.MetadataIndexTemplateService] [f09deff90fcb] adding component template [metrics-apm.service_transaction.60m-fallback@ilm]
[2025-03-02T12:19:53,518][INFO ][o.e.c.m.MetadataIndexTemplateService] [f09deff90fcb] adding component template [metrics-apm.internal-fallback@ilm]
[2025-03-02T12:19:53,526][INFO ][o.e.c.m.MetadataIndexTemplateService] [f09deff90fcb] adding component template [traces-apm@mappings]
[2025-03-02T12:19:53,533][INFO ][o.e.c.m.MetadataIndexTemplateService] [f09deff90fcb] adding component template [metrics-apm.service_summary.10m-fallback@ilm]
[2025-03-02T12:19:53,538][INFO ][o.e.c.m.MetadataIndexTemplateService] [f09deff90fcb] adding component template [metrics-apm.service_destination.1m-fallback@ilm]
[2025-03-02T12:19:53,543][INFO ][o.e.c.m.MetadataIndexTemplateService] [f09deff90fcb] adding component template [metrics-apm.service_transaction@mappings]
[2025-03-02T12:19:53,549][INFO ][o.e.c.m.MetadataIndexTemplateService] [f09deff90fcb] adding component template [metrics-apm.service_summary.60m-fallback@ilm]
[2025-03-02T12:19:53,554][INFO ][o.e.c.m.MetadataIndexTemplateService] [f09deff90fcb] adding component template [metrics-apm@settings]
[2025-03-02T12:19:53,558][INFO ][o.e.c.m.MetadataIndexTemplateService] [f09deff90fcb] adding component template [metrics-apm.service_destination.60m-fallback@ilm]
[2025-03-02T12:19:53,563][INFO ][o.e.c.m.MetadataIndexTemplateService] [f09deff90fcb] adding component template [logs-apm.error-fallback@ilm]
[2025-03-02T12:19:53,570][INFO ][o.e.c.m.MetadataIndexTemplateService] [f09deff90fcb] adding component template [logs-apm@settings]
[2025-03-02T12:19:53,574][INFO ][o.e.c.m.MetadataIndexTemplateService] [f09deff90fcb] adding component template [traces-apm-fallback@ilm]
[2025-03-02T12:19:53,579][INFO ][o.e.c.m.MetadataIndexTemplateService] [f09deff90fcb] adding component template [metrics-apm.transaction.60m-fallback@ilm]
[2025-03-02T12:19:53,619][INFO ][o.e.c.m.MetadataIndexTemplateService] [f09deff90fcb] adding component template [logs-apm.error@mappings]
[2025-03-02T12:19:53,624][INFO ][o.e.c.m.MetadataIndexTemplateService] [f09deff90fcb] adding component template [apm@settings]
[2025-03-02T12:19:53,630][INFO ][o.e.c.m.MetadataIndexTemplateService] [f09deff90fcb] adding component template [traces-apm.rum@mappings]
[2025-03-02T12:19:53,783][INFO ][o.e.c.m.MetadataIndexTemplateService] [f09deff90fcb] adding index template [elastic-connectors] for index patterns [.elastic-connectors-v1]
[2025-03-02T12:19:53,792][INFO ][o.e.c.m.MetadataIndexTemplateService] [f09deff90fcb] adding index template [elastic-connectors-sync-jobs] for index patterns [.elastic-connectors-sync-jobs-v1]
[2025-03-02T12:19:53,833][INFO ][o.e.c.m.MetadataIndexTemplateService] [f09deff90fcb] adding index template [metrics-transaction.10m.otel@template] for index patterns [metrics-transaction.10m.otel-*]
[2025-03-02T12:19:53,860][INFO ][o.e.c.m.MetadataIndexTemplateService] [f09deff90fcb] adding index template [metrics-transaction.1m.otel@template] for index patterns [metrics-transaction.1m.otel-*]
[2025-03-02T12:19:53,893][INFO ][o.e.c.m.MetadataIndexTemplateService] [f09deff90fcb] adding index template [metrics-service_destination.1m@template] for index patterns [metrics-service_destination.1m.otel-*]
[2025-03-02T12:19:53,911][INFO ][o.e.c.m.MetadataIndexTemplateService] [f09deff90fcb] adding index template [traces-otel@template] for index patterns [traces-*.otel-*]
[2025-03-02T12:19:53,955][INFO ][o.e.c.m.MetadataIndexTemplateService] [f09deff90fcb] adding index template [metrics-otel@template] for index patterns [metrics-*.otel-*]
[2025-03-02T12:19:53,987][INFO ][o.e.c.m.MetadataIndexTemplateService] [f09deff90fcb] adding index template [metrics-service_destination.10m@template] for index patterns [metrics-service_destination.10m.otel-*]
[2025-03-02T12:19:54,016][INFO ][o.e.c.m.MetadataIndexTemplateService] [f09deff90fcb] adding index template [metrics-service_transaction.1m.otel@template] for index patterns [metrics-service_transaction.1m.otel-*]
[2025-03-02T12:19:54,042][INFO ][o.e.c.m.MetadataIndexTemplateService] [f09deff90fcb] adding index template [metrics-service_destination.60m@template] for index patterns [metrics-service_destination.60m.otel-*]
[2025-03-02T12:19:54,068][INFO ][o.e.c.m.MetadataIndexTemplateService] [f09deff90fcb] adding index template [metrics-service_summary.10m.otel@template] for index patterns [metrics-service_summary.10m.otel-*]
[2025-03-02T12:19:54,091][INFO ][o.e.c.m.MetadataIndexTemplateService] [f09deff90fcb] adding index template [metrics-service_summary.60m.otel@template] for index patterns [metrics-service_summary.60m.otel-*]
[2025-03-02T12:19:54,118][INFO ][o.e.c.m.MetadataIndexTemplateService] [f09deff90fcb] adding index template [metrics-transaction.60m.otel@template] for index patterns [metrics-transaction.60m.otel-*]
[2025-03-02T12:19:54,144][INFO ][o.e.c.m.MetadataIndexTemplateService] [f09deff90fcb] adding index template [metrics-service_transaction.10m.otel@template] for index patterns [metrics-service_transaction.10m.otel-*]
[2025-03-02T12:19:54,157][INFO ][o.e.c.m.MetadataIndexTemplateService] [f09deff90fcb] adding index template [synthetics] for index patterns [synthetics-*-*]
[2025-03-02T12:19:54,169][INFO ][o.e.c.m.MetadataIndexTemplateService] [f09deff90fcb] adding index template [metrics] for index patterns [metrics-*-*]
[2025-03-02T12:19:54,192][INFO ][o.e.c.m.MetadataIndexTemplateService] [f09deff90fcb] adding index template [metrics-service_summary.1m.otel@template] for index patterns [metrics-service_summary.1m.otel-*]
[2025-03-02T12:19:54,202][INFO ][o.e.c.m.MetadataIndexTemplateService] [f09deff90fcb] adding index template [.deprecation-indexing-template] for index patterns [.logs-deprecation.*]
[2025-03-02T12:19:54,211][INFO ][o.e.c.m.MetadataIndexTemplateService] [f09deff90fcb] adding index template [.kibana-reporting] for index patterns [.kibana-reporting*]
[2025-03-02T12:19:54,228][INFO ][o.e.c.m.MetadataIndexTemplateService] [f09deff90fcb] adding index template [metrics-apm.transaction.10m@template] for index patterns [metrics-apm.transaction.10m-*]
[2025-03-02T12:19:54,242][INFO ][o.e.c.m.MetadataIndexTemplateService] [f09deff90fcb] adding index template [metrics-apm.service_transaction.1m@template] for index patterns [metrics-apm.service_transaction.1m-*]
[2025-03-02T12:19:54,254][INFO ][o.e.c.m.MetadataIndexTemplateService] [f09deff90fcb] adding index template [logs-apm.error@template] for index patterns [logs-apm.error-*]
[2025-03-02T12:19:54,266][INFO ][o.e.c.m.MetadataIndexTemplateService] [f09deff90fcb] adding index template [metrics-apm.service_summary.60m@template] for index patterns [metrics-apm.service_summary.60m-*]
[2025-03-02T12:19:54,277][INFO ][o.e.c.m.MetadataIndexTemplateService] [f09deff90fcb] adding index template [metrics-apm.service_summary.1m@template] for index patterns [metrics-apm.service_summary.1m-*]
[2025-03-02T12:19:54,288][INFO ][o.e.c.m.MetadataIndexTemplateService] [f09deff90fcb] adding index template [metrics-apm.service_destination.1m@template] for index patterns [metrics-apm.service_destination.1m-*]
[2025-03-02T12:19:54,300][INFO ][o.e.c.m.MetadataIndexTemplateService] [f09deff90fcb] adding index template [metrics-apm.service_transaction.60m@template] for index patterns [metrics-apm.service_transaction.60m-*]
[2025-03-02T12:19:54,312][INFO ][o.e.c.m.MetadataIndexTemplateService] [f09deff90fcb] adding index template [metrics-apm.service_summary.10m@template] for index patterns [metrics-apm.service_summary.10m-*]
[2025-03-02T12:19:54,324][INFO ][o.e.c.m.MetadataIndexTemplateService] [f09deff90fcb] adding index template [metrics-apm.service_destination.10m@template] for index patterns [metrics-apm.service_destination.10m-*]
[2025-03-02T12:19:54,336][INFO ][o.e.c.m.MetadataIndexTemplateService] [f09deff90fcb] adding index template [metrics-apm.service_destination.60m@template] for index patterns [metrics-apm.service_destination.60m-*]
[2025-03-02T12:19:54,348][INFO ][o.e.c.m.MetadataIndexTemplateService] [f09deff90fcb] adding index template [traces-apm.rum@template] for index patterns [traces-apm.rum-*]
[2025-03-02T12:19:54,359][INFO ][o.e.c.m.MetadataIndexTemplateService] [f09deff90fcb] adding index template [metrics-apm.internal@template] for index patterns [metrics-apm.internal-*]
[2025-03-02T12:19:54,371][INFO ][o.e.c.m.MetadataIndexTemplateService] [f09deff90fcb] adding index template [metrics-apm.transaction.1m@template] for index patterns [metrics-apm.transaction.1m-*]
[2025-03-02T12:19:54,403][INFO ][o.e.c.m.MetadataIndexTemplateService] [f09deff90fcb] adding index template [metrics-service_transaction.60m.otel@template] for index patterns [metrics-service_transaction.60m.otel-*]
[2025-03-02T12:19:54,413][INFO ][o.e.c.m.MetadataIndexTemplateService] [f09deff90fcb] adding index template [metrics-apm.app@template] for index patterns [metrics-apm.app.*-*]
[2025-03-02T12:19:54,425][INFO ][o.e.c.m.MetadataIndexTemplateService] [f09deff90fcb] adding index template [metrics-apm.service_transaction.10m@template] for index patterns [metrics-apm.service_transaction.10m-*]
[2025-03-02T12:19:54,437][INFO ][o.e.c.m.MetadataIndexTemplateService] [f09deff90fcb] adding index template [metrics-apm.transaction.60m@template] for index patterns [metrics-apm.transaction.60m-*]
[2025-03-02T12:19:54,448][INFO ][o.e.c.m.MetadataIndexTemplateService] [f09deff90fcb] adding index template [traces-apm@template] for index patterns [traces-apm-*]
[2025-03-02T12:19:54,458][INFO ][o.e.c.m.MetadataIndexTemplateService] [f09deff90fcb] adding index template [logs-apm.app@template] for index patterns [logs-apm.app.*-*]
[2025-03-02T12:19:54,469][INFO ][o.e.c.m.MetadataIndexTemplateService] [f09deff90fcb] adding index template [traces-apm.sampled@template] for index patterns [traces-apm.sampled-*]
[2025-03-02T12:19:54,527][INFO ][o.e.x.i.a.TransportPutLifecycleAction] [f09deff90fcb] adding index lifecycle policy [ml-size-based-ilm-policy]
[2025-03-02T12:19:54,602][INFO ][o.e.x.i.a.TransportPutLifecycleAction] [f09deff90fcb] adding index lifecycle policy [.monitoring-8-ilm-policy]
[2025-03-02T12:19:54,730][INFO ][o.e.x.c.t.IndexTemplateRegistry] [f09deff90fcb] adding ingest pipeline behavioral_analytics-events-final_pipeline
[2025-03-02T12:19:54,731][INFO ][o.e.x.c.t.IndexTemplateRegistry] [f09deff90fcb] adding ingest pipeline logs-default-pipeline
[2025-03-02T12:19:54,731][INFO ][o.e.x.c.t.IndexTemplateRegistry] [f09deff90fcb] adding ingest pipeline logs@default-pipeline
[2025-03-02T12:19:54,732][INFO ][o.e.x.c.t.IndexTemplateRegistry] [f09deff90fcb] adding ingest pipeline metrics-apm.transaction@default-pipeline
[2025-03-02T12:19:54,732][INFO ][o.e.x.c.t.IndexTemplateRegistry] [f09deff90fcb] adding ingest pipeline logs-apm.error@default-pipeline
[2025-03-02T12:19:54,733][INFO ][o.e.x.c.t.IndexTemplateRegistry] [f09deff90fcb] adding ingest pipeline metrics-apm.app@default-pipeline
[2025-03-02T12:19:54,733][INFO ][o.e.x.c.t.IndexTemplateRegistry] [f09deff90fcb] adding ingest pipeline metrics-apm.service_transaction@default-pipeline
[2025-03-02T12:19:54,733][INFO ][o.e.x.c.t.IndexTemplateRegistry] [f09deff90fcb] adding ingest pipeline metrics-apm.service_destination@default-pipeline
[2025-03-02T12:19:54,734][INFO ][o.e.x.c.t.IndexTemplateRegistry] [f09deff90fcb] adding ingest pipeline traces-apm.rum@default-pipeline
[2025-03-02T12:19:54,735][INFO ][o.e.x.c.t.IndexTemplateRegistry] [f09deff90fcb] adding ingest pipeline traces-apm@default-pipeline
[2025-03-02T12:19:54,735][INFO ][o.e.x.c.t.IndexTemplateRegistry] [f09deff90fcb] adding ingest pipeline logs-apm.app@default-pipeline
[2025-03-02T12:19:54,735][INFO ][o.e.x.c.t.IndexTemplateRegistry] [f09deff90fcb] adding ingest pipeline apm@pipeline
[2025-03-02T12:19:54,736][INFO ][o.e.x.c.t.IndexTemplateRegistry] [f09deff90fcb] adding ingest pipeline metrics-apm.service_summary@default-pipeline
[2025-03-02T12:19:54,736][INFO ][o.e.x.c.t.IndexTemplateRegistry] [f09deff90fcb] adding ingest pipeline logs@json-pipeline
[2025-03-02T12:19:54,737][INFO ][o.e.x.c.t.IndexTemplateRegistry] [f09deff90fcb] adding ingest pipeline logs@json-message
[2025-03-02T12:19:54,738][INFO ][o.e.x.c.t.IndexTemplateRegistry] [f09deff90fcb] adding ingest pipeline ent-search-generic-ingestion
[2025-03-02T12:19:54,739][INFO ][o.e.x.c.t.IndexTemplateRegistry] [f09deff90fcb] adding ingest pipeline search-default-ingestion
[2025-03-02T12:19:54,745][INFO ][o.e.c.m.MetadataIndexTemplateService] [f09deff90fcb] adding component template [behavioral_analytics-events-settings]
[2025-03-02T12:19:54,752][INFO ][o.e.c.m.MetadataIndexTemplateService] [f09deff90fcb] adding component template [logs-settings]
[2025-03-02T12:19:54,756][INFO ][o.e.c.m.MetadataIndexTemplateService] [f09deff90fcb] adding component template [logs@settings]
[2025-03-02T12:19:54,818][INFO ][o.e.c.m.MetadataIndexTemplateService] [f09deff90fcb] adding index template [behavioral_analytics-events-default] for index patterns [behavioral_analytics-events-*]
[2025-03-02T12:19:54,833][INFO ][o.e.c.m.MetadataIndexTemplateService] [f09deff90fcb] adding index template [logs-otel@template] for index patterns [logs-*.otel-*]
[2025-03-02T12:19:54,843][INFO ][o.e.c.m.MetadataIndexTemplateService] [f09deff90fcb] adding index template [logs] for index patterns [logs-*-*]
[2025-03-02T12:19:54,886][INFO ][o.e.x.i.a.TransportPutLifecycleAction] [f09deff90fcb] adding index lifecycle policy [logs]
[2025-03-02T12:19:54,936][INFO ][o.e.x.i.a.TransportPutLifecycleAction] [f09deff90fcb] adding index lifecycle policy [synthetics]
[2025-03-02T12:19:54,986][INFO ][o.e.x.i.a.TransportPutLifecycleAction] [f09deff90fcb] adding index lifecycle policy [metrics]
[2025-03-02T12:19:55,038][INFO ][o.e.x.i.a.TransportPutLifecycleAction] [f09deff90fcb] adding index lifecycle policy [7-days-default]
[2025-03-02T12:19:55,100][INFO ][o.e.x.i.a.TransportPutLifecycleAction] [f09deff90fcb] adding index lifecycle policy [30-days-default]
[2025-03-02T12:19:55,156][INFO ][o.e.x.i.a.TransportPutLifecycleAction] [f09deff90fcb] adding index lifecycle policy [90-days-default]
[2025-03-02T12:19:55,210][INFO ][o.e.x.i.a.TransportPutLifecycleAction] [f09deff90fcb] adding index lifecycle policy [180-days-default]
[2025-03-02T12:19:55,261][INFO ][o.e.x.i.a.TransportPutLifecycleAction] [f09deff90fcb] adding index lifecycle policy [365-days-default]
[2025-03-02T12:19:55,311][INFO ][o.e.x.i.a.TransportPutLifecycleAction] [f09deff90fcb] adding index lifecycle policy [traces@lifecycle]
[2025-03-02T12:19:55,368][INFO ][o.e.x.i.a.TransportPutLifecycleAction] [f09deff90fcb] adding index lifecycle policy [30-days@lifecycle]
[2025-03-02T12:19:55,411][INFO ][o.e.x.i.a.TransportPutLifecycleAction] [f09deff90fcb] adding index lifecycle policy [metrics@lifecycle]
[2025-03-02T12:19:55,457][INFO ][o.e.x.i.a.TransportPutLifecycleAction] [f09deff90fcb] adding index lifecycle policy [7-days@lifecycle]
[2025-03-02T12:19:55,503][INFO ][o.e.x.i.a.TransportPutLifecycleAction] [f09deff90fcb] adding index lifecycle policy [180-days@lifecycle]
[2025-03-02T12:19:55,551][INFO ][o.e.x.i.a.TransportPutLifecycleAction] [f09deff90fcb] adding index lifecycle policy [slm-history-ilm-policy]
[2025-03-02T12:19:55,597][INFO ][o.e.x.i.a.TransportPutLifecycleAction] [f09deff90fcb] adding index lifecycle policy [90-days@lifecycle]
[2025-03-02T12:19:55,644][INFO ][o.e.x.i.a.TransportPutLifecycleAction] [f09deff90fcb] adding index lifecycle policy [365-days@lifecycle]
[2025-03-02T12:19:55,683][INFO ][o.e.x.i.a.TransportPutLifecycleAction] [f09deff90fcb] adding index lifecycle policy [watch-history-ilm-policy-16]
[2025-03-02T12:19:55,728][INFO ][o.e.x.i.a.TransportPutLifecycleAction] [f09deff90fcb] adding index lifecycle policy [ilm-history-ilm-policy]
[2025-03-02T12:19:55,773][INFO ][o.e.x.i.a.TransportPutLifecycleAction] [f09deff90fcb] adding index lifecycle policy [logs@lifecycle]
[2025-03-02T12:19:55,820][INFO ][o.e.x.i.a.TransportPutLifecycleAction] [f09deff90fcb] adding index lifecycle policy [synthetics@lifecycle]
[2025-03-02T12:19:55,868][INFO ][o.e.x.i.a.TransportPutLifecycleAction] [f09deff90fcb] adding index lifecycle policy [.deprecation-indexing-ilm-policy]
[2025-03-02T12:19:55,912][INFO ][o.e.x.i.a.TransportPutLifecycleAction] [f09deff90fcb] adding index lifecycle policy [.fleet-actions-results-ilm-policy]
[2025-03-02T12:19:55,966][INFO ][o.e.x.i.a.TransportPutLifecycleAction] [f09deff90fcb] adding index lifecycle policy [.fleet-file-tohost-meta-ilm-policy]
[2025-03-02T12:19:56,014][INFO ][o.e.x.i.a.TransportPutLifecycleAction] [f09deff90fcb] adding index lifecycle policy [.fleet-file-fromhost-data-ilm-policy]
[2025-03-02T12:19:56,059][INFO ][o.e.x.i.a.TransportPutLifecycleAction] [f09deff90fcb] adding index lifecycle policy [.fleet-file-tohost-data-ilm-policy]
[2025-03-02T12:19:56,106][INFO ][o.e.x.i.a.TransportPutLifecycleAction] [f09deff90fcb] adding index lifecycle policy [.fleet-file-fromhost-meta-ilm-policy]
[2025-03-02T12:19:56,209][INFO ][o.e.x.i.a.TransportPutLifecycleAction] [f09deff90fcb] adding index lifecycle policy [logs-apm.app_logs-default_policy]
[2025-03-02T12:19:56,253][INFO ][o.e.x.i.a.TransportPutLifecycleAction] [f09deff90fcb] adding index lifecycle policy [logs-apm.error_logs-default_policy]
[2025-03-02T12:19:56,295][INFO ][o.e.x.i.a.TransportPutLifecycleAction] [f09deff90fcb] adding index lifecycle policy [metrics-apm.app_metrics-default_policy]
[2025-03-02T12:19:56,336][INFO ][o.e.x.i.a.TransportPutLifecycleAction] [f09deff90fcb] adding index lifecycle policy [metrics-apm.internal_metrics-default_policy]
[2025-03-02T12:19:56,382][INFO ][o.e.x.i.a.TransportPutLifecycleAction] [f09deff90fcb] adding index lifecycle policy [metrics-apm.service_destination_1m_metrics-default_policy]
[2025-03-02T12:19:56,427][INFO ][o.e.x.i.a.TransportPutLifecycleAction] [f09deff90fcb] adding index lifecycle policy [metrics-apm.service_destination_10m_metrics-default_policy]
[2025-03-02T12:19:56,472][INFO ][o.e.x.i.a.TransportPutLifecycleAction] [f09deff90fcb] adding index lifecycle policy [metrics-apm.service_summary_10m_metrics-default_policy]
[2025-03-02T12:19:56,519][INFO ][o.e.x.i.a.TransportPutLifecycleAction] [f09deff90fcb] adding index lifecycle policy [metrics-apm.service_summary_1m_metrics-default_policy]
[2025-03-02T12:19:56,560][INFO ][o.e.x.i.a.TransportPutLifecycleAction] [f09deff90fcb] adding index lifecycle policy [metrics-apm.service_summary_60m_metrics-default_policy]
[2025-03-02T12:19:56,604][INFO ][o.e.x.i.a.TransportPutLifecycleAction] [f09deff90fcb] adding index lifecycle policy [metrics-apm.service_transaction_10m_metrics-default_policy]
[2025-03-02T12:19:56,648][INFO ][o.e.x.i.a.TransportPutLifecycleAction] [f09deff90fcb] adding index lifecycle policy [metrics-apm.service_transaction_60m_metrics-default_policy]
[2025-03-02T12:19:56,689][INFO ][o.e.x.i.a.TransportPutLifecycleAction] [f09deff90fcb] adding index lifecycle policy [metrics-apm.transaction_10m_metrics-default_policy]
[2025-03-02T12:19:56,737][INFO ][o.e.x.i.a.TransportPutLifecycleAction] [f09deff90fcb] adding index lifecycle policy [traces-apm.rum_traces-default_policy]
[2025-03-02T12:19:56,781][INFO ][o.e.x.i.a.TransportPutLifecycleAction] [f09deff90fcb] adding index lifecycle policy [metrics-apm.transaction_1m_metrics-default_policy]
[2025-03-02T12:19:56,827][INFO ][o.e.x.i.a.TransportPutLifecycleAction] [f09deff90fcb] adding index lifecycle policy [metrics-apm.transaction_60m_metrics-default_policy]
[2025-03-02T12:19:56,874][INFO ][o.e.x.i.a.TransportPutLifecycleAction] [f09deff90fcb] adding index lifecycle policy [metrics-apm.service_transaction_1m_metrics-default_policy]
[2025-03-02T12:19:56,918][INFO ][o.e.x.i.a.TransportPutLifecycleAction] [f09deff90fcb] adding index lifecycle policy [metrics-apm.service_destination_60m_metrics-default_policy]
[2025-03-02T12:19:56,967][INFO ][o.e.x.i.a.TransportPutLifecycleAction] [f09deff90fcb] adding index lifecycle policy [traces-apm.traces-default_policy]
[2025-03-02T12:19:57,007][INFO ][o.e.x.i.a.TransportPutLifecycleAction] [f09deff90fcb] adding index lifecycle policy [traces-apm.sampled_traces-default_policy]
[2025-03-02T12:19:57,084][INFO ][o.e.h.n.s.HealthNodeTaskExecutor] [f09deff90fcb] Node [{f09deff90fcb}{P4_6T2U0T-u3Txph78n6Vg}] is selected as the current health node.
[2025-03-02T12:19:57,528][INFO ][o.e.l.ClusterStateLicenseService] [f09deff90fcb] license [4de7cb0e-0c5b-4379-a45e-1a0676252977] mode [basic] - valid
[2025-03-02T12:19:57,593][INFO ][o.e.x.c.t.IndexTemplateRegistry] [f09deff90fcb] adding ingest pipeline metrics-apm.internal@default-pipeline
[2025-03-02T12:19:57,593][INFO ][o.e.x.c.t.IndexTemplateRegistry] [f09deff90fcb] adding ingest pipeline traces-apm@pipeline
[2025-03-02T12:19:57,593][INFO ][o.e.x.c.t.IndexTemplateRegistry] [f09deff90fcb] adding ingest pipeline metrics-apm@pipeline
